.F.F......F.F.F.....F.Todo: Implement Effects.process(half)
E......
Time: 0.069
There was 1 error:
1) testProcess(EffectsTest)java.lang.RuntimeException: Unknown command:half
	at Effects.process(Effects.java:36)
	at EffectsTest.testProcess(EffectsTest.java:11)
	at sun.reflect.NativeMethodAccessorImpl.invoke0(Native Method)
	at sun.reflect.NativeMethodAccessorImpl.invoke(NativeMethodAccessorImpl.java:57)
	at sun.reflect.DelegatingMethodAccessorImpl.invoke(DelegatingMethodAccessorImpl.java:43)
	at AutomaticScoreCheck.main(AutomaticScoreCheck.java:27)
There were 6 failures:
1) testHalf(PixelEffectsTest)junit.framework.AssertionFailedError: arr[0][0] incorrect value expected:<2092536> but was:<13010255>
	at PixelEffectsTest.assertEntriesEqual(PixelEffectsTest.java:43)
	at PixelEffectsTest.testHalf(PixelEffectsTest.java:71)
	at sun.reflect.NativeMethodAccessorImpl.invoke0(Native Method)
	at sun.reflect.NativeMethodAccessorImpl.invoke(NativeMethodAccessorImpl.java:57)
	at sun.reflect.DelegatingMethodAccessorImpl.invoke(DelegatingMethodAccessorImpl.java:43)
	at AutomaticScoreCheck.main(AutomaticScoreCheck.java:27)
2) testResizeToArray(PixelEffectsTest)junit.framework.AssertionFailedError: arr[0][0] incorrect value expected:<1081396> but was:<11018389>
	at PixelEffectsTest.assertEntriesEqual(PixelEffectsTest.java:43)
	at PixelEffectsTest.testResizeToArray(PixelEffectsTest.java:85)
	at sun.reflect.NativeMethodAccessorImpl.invoke0(Native Method)
	at sun.reflect.NativeMethodAccessorImpl.invoke(NativeMethodAccessorImpl.java:57)
	at sun.reflect.DelegatingMethodAccessorImpl.invoke(DelegatingMethodAccessorImpl.java:43)
	at AutomaticScoreCheck.main(AutomaticScoreCheck.java:27)
3) testMerge(PixelEffectsTest)junit.framework.AssertionFailedError: arr[0][0] incorrect value expected:<73> but was:<402>
	at PixelEffectsTest.assertEntriesEqual(PixelEffectsTest.java:43)
	at PixelEffectsTest.testMerge(PixelEffectsTest.java:146)
	at sun.reflect.NativeMethodAccessorImpl.invoke0(Native Method)
	at sun.reflect.NativeMethodAccessorImpl.invoke(NativeMethodAccessorImpl.java:57)
	at sun.reflect.DelegatingMethodAccessorImpl.invoke(DelegatingMethodAccessorImpl.java:43)
	at AutomaticScoreCheck.main(AutomaticScoreCheck.java:27)
4) testChromaKey(PixelEffectsTest)junit.framework.AssertionFailedError: arr[0][2] incorrect value expected:<6> but was:<21760>
	at PixelEffectsTest.assertEntriesEqual(PixelEffectsTest.java:43)
	at PixelEffectsTest.testChromaKey(PixelEffectsTest.java:154)
	at sun.reflect.NativeMethodAccessorImpl.invoke0(Native Method)
	at sun.reflect.NativeMethodAccessorImpl.invoke(NativeMethodAccessorImpl.java:57)
	at sun.reflect.DelegatingMethodAccessorImpl.invoke(DelegatingMethodAccessorImpl.java:43)
	at AutomaticScoreCheck.main(AutomaticScoreCheck.java:27)
5) testFunky(PixelEffectsTest)junit.framework.AssertionFailedError
	at PixelEffectsTest.testFunky(PixelEffectsTest.java:161)
	at sun.reflect.NativeMethodAccessorImpl.invoke0(Native Method)
	at sun.reflect.NativeMethodAccessorImpl.invoke(NativeMethodAccessorImpl.java:57)
	at sun.reflect.DelegatingMethodAccessorImpl.invoke(DelegatingMethodAccessorImpl.java:43)
	at AutomaticScoreCheck.main(AutomaticScoreCheck.java:27)
6) testAuthorship(EffectsTest)junit.framework.AssertionFailedError: Fix Effects.java authorship
	at EffectsTest.testAuthorship(EffectsTest.java:20)
	at sun.reflect.NativeMethodAccessorImpl.invoke0(Native Method)
	at sun.reflect.NativeMethodAccessorImpl.invoke(NativeMethodAccessorImpl.java:57)
	at sun.reflect.DelegatingMethodAccessorImpl.invoke(DelegatingMethodAccessorImpl.java:43)
	at AutomaticScoreCheck.main(AutomaticScoreCheck.java:27)

FAILURES!!!
Tests run: 22,  Failures: 6,  Errors: 1

15 passed out of 22
Score=68
